[20:53:58] [main/INFO] (FabricLoader/GameProvider) Loading Minecraft 1.18.1 with Fabric Loader 0.12.12
[20:53:58] [main/INFO] (FabricLoader) Loading 51 mods:
	- fabric 0.44.0+1.18
	- fabric-api-base 0.4.1+b4f4f6cdc8
	- fabric-api-lookup-api-v1 1.4.0+16d92c47c8
	- fabric-biome-api-v1 6.0.1+ded849a9c8
	- fabric-blockrenderlayer-v1 1.1.9+3ac43d95c8
	- fabric-command-api-v1 1.1.6+3ac43d95c8
	- fabric-commands-v0 0.2.5+b4f4f6cdc8
	- fabric-containers-v0 0.1.18+d154e2c6c8
	- fabric-content-registries-v0 0.4.5+6f53a73dc8
	- fabric-crash-report-info-v1 0.1.8+3ac43d95c8
	- fabric-data-generation-api-v1 1.0.0+3fec4ad9c8
	- fabric-dimensions-v1 2.1.7+43d29571c8
	- fabric-entity-events-v1 1.4.5+6b21378ac8
	- fabric-events-interaction-v0 0.4.16+bfa23f17c8
	- fabric-events-lifecycle-v0 0.2.6+b4f4f6cdc8
	- fabric-game-rule-api-v1 1.0.10+3ac43d95c8
	- fabric-gametest-api-v1 1.0.5+03d159cfc8
	- fabric-item-api-v1 1.3.0+691a79b5c8
	- fabric-item-groups-v0 0.3.3+3ac43d95c8
	- fabric-key-binding-api-v1 1.0.8+c8aba2f3c8
	- fabric-keybindings-v0 0.2.6+b4f4f6cdc8
	- fabric-lifecycle-events-v1 1.4.10+c15ca335c8
	- fabric-loot-tables-v1 1.0.8+3ac43d95c8
	- fabric-mining-level-api-v1 1.0.3+3ac43d95c8
	- fabric-mining-levels-v0 0.1.7+b4f4f6cdc8
	- fabric-models-v0 0.3.3+3ac43d95c8
	- fabric-networking-api-v1 1.0.18+3ac43d95c8
	- fabric-networking-v0 0.3.5+b4f4f6cdc8
	- fabric-object-builder-api-v1 1.11.0+3b82842ec8
	- fabric-object-builders-v0 0.7.8+3ac43d95c8
	- fabric-particles-v1 0.2.9+526dc1acc8
	- fabric-registry-sync-v0 0.8.5+3ac43d95c8
	- fabric-renderer-api-v1 0.4.9+3ac43d95c8
	- fabric-renderer-indigo 0.4.12+3ac43d95c8
	- fabric-renderer-registries-v1 3.2.7+b4f4f6cdc8
	- fabric-rendering-data-attachment-v1 0.3.4+7242e9d7c8
	- fabric-rendering-fluids-v1 0.1.18+3ac43d95c8
	- fabric-rendering-v0 1.1.9+b4f4f6cdc8
	- fabric-rendering-v1 1.10.3+6b21378ac8
	- fabric-resource-loader-v0 0.4.11+3ac43d95c8
	- fabric-screen-api-v1 1.0.7+3ac43d95c8
	- fabric-screen-handler-api-v1 1.1.11+3ac43d95c8
	- fabric-structure-api-v1 2.0.8+295197a7c8
	- fabric-tag-extensions-v0 1.2.5+3ac43d95c8
	- fabric-textures-v0 1.0.9+3ac43d95c8
	- fabric-tool-attribute-api-v1 1.3.4+7de09f55c8
	- fabric-transfer-api-v1 1.5.5+b4f4f6cdc8
	- fabricloader 0.12.12
	- java 17
	- minecraft 1.18.1
	- strangemachine 0.0.1-1.18-fabric-alpha
[20:53:58] [main/INFO] (FabricLoader/Mixin) SpongePowered MIXIN Subsystem Version=0.8.4 Source=file:/C:/Users/shinj/.gradle/caches/modules-2/files-2.1/net.fabricmc/sponge-mixin/0.10.7+mixin.0.8.4/7a4ca9d54d9ae564dea0363d668036a8420ed9b8/sponge-mixin-0.10.7+mixin.0.8.4.jar Service=Knot/Fabric Env=CLIENT
[20:53:59] [main/INFO] (FabricLoader/Mixin) Loaded Fabric development mappings for mixin remapper!
[20:53:59] [main/INFO] (FabricLoader/Mixin) Compatibility level set to JAVA_16
[20:54:05] [main/WARN] (FabricLoader/Mixin) @Inject(@At("INVOKE")) Shift.BY=3 on fabric-lifecycle-events-v1.mixins.json:client.WorldChunkMixin::handler$zen000$onLoadBlockEntity exceeds the maximum allowed value: 0. Increase the value of maxShiftBy to suppress this warning.
[20:54:09] [Render thread/INFO] (Minecraft) Environment: authHost='https://authserver.mojang.com', accountsHost='https://api.mojang.com', sessionHost='https://sessionserver.mojang.com', servicesHost='https://api.minecraftservices.com', name='PROD'
[20:54:10] [Render thread/ERROR] (Minecraft) Failed to verify authentication
com.mojang.authlib.exceptions.InvalidCredentialsException: Status: 401
	at com.mojang.authlib.exceptions.MinecraftClientHttpException.toAuthenticationException(MinecraftClientHttpException.java:56) ~[authlib-3.2.38.jar:?]
	at com.mojang.authlib.yggdrasil.YggdrasilUserApiService.fetchProperties(YggdrasilUserApiService.java:132) ~[authlib-3.2.38.jar:?]
	at com.mojang.authlib.yggdrasil.YggdrasilUserApiService.<init>(YggdrasilUserApiService.java:44) ~[authlib-3.2.38.jar:?]
	at com.mojang.authlib.yggdrasil.YggdrasilAuthenticationService.createUserApiService(YggdrasilAuthenticationService.java:153) ~[authlib-3.2.38.jar:?]
	at net.minecraft.client.MinecraftClient.createUserApiService(MinecraftClient.java:667) [minecraft-project-@-mapped.jar:?]
	at net.minecraft.client.MinecraftClient.<init>(MinecraftClient.java:499) [minecraft-project-@-mapped.jar:?]
	at net.minecraft.client.main.Main.main(Main.java:178) [minecraft-project-@-mapped.jar:?]
	at jdk.internal.reflect.NativeMethodAccessorImpl.invoke0(Native Method) ~[?:?]
	at jdk.internal.reflect.NativeMethodAccessorImpl.invoke(NativeMethodAccessorImpl.java:77) ~[?:?]
	at jdk.internal.reflect.DelegatingMethodAccessorImpl.invoke(DelegatingMethodAccessorImpl.java:43) ~[?:?]
	at java.lang.reflect.Method.invoke(Method.java:568) ~[?:?]
	at net.fabricmc.loader.impl.game.minecraft.MinecraftGameProvider.launch(MinecraftGameProvider.java:608) [fabric-loader-0.12.12.jar:?]
	at net.fabricmc.loader.impl.launch.knot.Knot.launch(Knot.java:77) [fabric-loader-0.12.12.jar:?]
	at net.fabricmc.loader.impl.launch.knot.KnotClient.main(KnotClient.java:23) [fabric-loader-0.12.12.jar:?]
	at net.fabricmc.devlaunchinjector.Main.main(Main.java:86) [dev-launch-injector-0.2.1+build.8.jar:?]
Caused by: com.mojang.authlib.exceptions.MinecraftClientHttpException: Status: 401
	at com.mojang.authlib.minecraft.client.MinecraftClient.readInputStream(MinecraftClient.java:78) ~[authlib-3.2.38.jar:?]
	at com.mojang.authlib.minecraft.client.MinecraftClient.get(MinecraftClient.java:48) ~[authlib-3.2.38.jar:?]
	at com.mojang.authlib.yggdrasil.YggdrasilUserApiService.fetchProperties(YggdrasilUserApiService.java:113) ~[authlib-3.2.38.jar:?]
	... 13 more
[20:54:10] [Render thread/INFO] (Minecraft) Setting user: Player925
[20:54:10] [Render thread/INFO] (strangemachine) Init mod for strangemachine
[20:54:10] [Render thread/INFO] (strangemachine) Registering Mod Items for strangemachine
[20:54:10] [Render thread/INFO] (Indigo) [Indigo] Registering Indigo renderer!
[20:54:11] [Render thread/INFO] (Minecraft) Backend library: LWJGL version 3.2.2 build 10
[20:54:15] [Render thread/INFO] (Minecraft) Narrator library for x64 successfully loaded
[20:54:16] [Render thread/INFO] (Minecraft) Reloading ResourceManager: Default, Fabric Mods (Fabric Object Builders (v0), Fabric Game Test API (v1), Fabric Crash Report Info (v1), Fabric Key Bindings (v0), Fabric Tag Extensions (v0), Fabric Renderer - Indigo, Fabric Entity Events (v1), Fabric Mining Level API (v1), Strange Machine, Fabric Screen Handler API (v1), Fabric Item Groups (v0), Fabric Rendering Data Attachment (v1), Fabric Particles (v1), Fabric Loader, Fabric Transfer API (v1), Fabric Command API (v1), Fabric Resource Loader (v0), Fabric Dimensions API (v1), Fabric Object Builder API (v1), Fabric Rendering Fluids (v1), Fabric Models (v0), Fabric Textures (v0), Fabric Data Generation API (v1), Fabric Structure API (v1), Fabric Tool Attribute API (v1), Fabric API Base, Fabric Lifecycle Events (v1), Fabric Rendering (v1), Fabric Biome API (v1), Fabric Key Binding API (v1), Fabric Events Interaction (v0), Fabric Item API (v1), Fabric Rendering (v0), Fabric Registry Sync (v0), Fabric Events Lifecycle (v0), Fabric Commands (v0), Fabric Game Rule API (v1), Fabric API, Fabric Loot Tables (v1), Fabric Mining Levels (v0), Fabric Networking (v0), Fabric API Lookup API (v1), Fabric Screen API (v1), Fabric Networking API (v1), Fabric Renderer API (v1), Fabric Renderer Registries (v1), Fabric Content Registries (v0), Fabric Containers (v0), Fabric BlockRenderLayer Registration (v1))
[20:54:16] [Render thread/INFO] (strangemachine) This line is printed by an example mod mixin!
[20:54:17] [Realms Notification Availability checker #1/INFO] (Minecraft) Could not authorize you against Realms server: Invalid session id
[20:54:23] [Render thread/INFO] (Minecraft) OpenAL initialized on device OpenAL Soft on 스피커(Realtek(R) Audio)
[20:54:23] [Render thread/INFO] (Minecraft) Sound engine started
[20:54:24] [Render thread/INFO] (Minecraft) Created: 1024x1024x4 minecraft:textures/atlas/blocks.png-atlas
[20:54:24] [Render thread/INFO] (Minecraft) Created: 256x128x4 minecraft:textures/atlas/signs.png-atlas
[20:54:24] [Render thread/INFO] (Minecraft) Created: 1024x512x4 minecraft:textures/atlas/banner_patterns.png-atlas
[20:54:24] [Render thread/INFO] (Minecraft) Created: 1024x512x4 minecraft:textures/atlas/shield_patterns.png-atlas
[20:54:24] [Render thread/INFO] (Minecraft) Created: 256x256x4 minecraft:textures/atlas/chest.png-atlas
[20:54:24] [Render thread/INFO] (Minecraft) Created: 512x256x4 minecraft:textures/atlas/beds.png-atlas
[20:54:24] [Render thread/INFO] (Minecraft) Created: 512x256x4 minecraft:textures/atlas/shulker_boxes.png-atlas
[20:54:27] [Render thread/INFO] (Minecraft) Created: 256x256x0 minecraft:textures/atlas/particles.png-atlas
[20:54:27] [Render thread/INFO] (Minecraft) Created: 256x256x0 minecraft:textures/atlas/paintings.png-atlas
[20:54:27] [Render thread/INFO] (Minecraft) Created: 256x128x0 minecraft:textures/atlas/mob_effects.png-atlas
[20:54:27] [Render thread/INFO] (strangemachine) This line is printed by an example mod mixin!
[20:55:23] [Render thread/WARN] (Minecraft) Ambiguity between arguments [teleport, location] and [teleport, destination] with inputs: [0.1 -0.5 .9, 0 0 0]
[20:55:23] [Render thread/WARN] (Minecraft) Ambiguity between arguments [teleport, location] and [teleport, targets] with inputs: [0.1 -0.5 .9, 0 0 0]
[20:55:23] [Render thread/WARN] (Minecraft) Ambiguity between arguments [teleport, destination] and [teleport, targets] with inputs: [Player, 0123, @e, dd12be42-52a9-4a91-a8a1-11c01849e498]
[20:55:23] [Render thread/WARN] (Minecraft) Ambiguity between arguments [teleport, targets] and [teleport, destination] with inputs: [Player, 0123, dd12be42-52a9-4a91-a8a1-11c01849e498]
[20:55:23] [Render thread/WARN] (Minecraft) Ambiguity between arguments [teleport, targets, location] and [teleport, targets, destination] with inputs: [0.1 -0.5 .9, 0 0 0]
[20:55:23] [Render thread/INFO] (Minecraft) Reloading ResourceManager: Default, Fabric Mods (Fabric Game Test API (v1), Fabric Tool Attribute API (v1))
[20:55:24] [Render thread/INFO] (Minecraft) Loaded 7 recipes
[20:55:24] [Render thread/INFO] (Minecraft) Loaded 1141 advancements
[20:55:24] [Render thread/INFO] (BiomeModificationImpl) Applied 0 biome modifications to 0 of 61 new biomes in 2.726 ms
[20:55:25] [Render thread/INFO] (Minecraft) Environment: authHost='https://authserver.mojang.com', accountsHost='https://api.mojang.com', sessionHost='https://sessionserver.mojang.com', servicesHost='https://api.minecraftservices.com', name='PROD'
[20:55:25] [Server thread/INFO] (Minecraft) Starting integrated minecraft server version 1.18.1
[20:55:25] [Server thread/INFO] (Minecraft) Generating keypair
[20:55:29] [Server thread/INFO] (Minecraft) Preparing start region for dimension minecraft:overworld
[20:55:29] [Render thread/INFO] (Minecraft) Preparing spawn area: 0%
[20:55:29] [Render thread/INFO] (Minecraft) Preparing spawn area: 0%
[20:55:30] [Render thread/INFO] (Minecraft) Preparing spawn area: 0%
[20:55:30] [Render thread/INFO] (Minecraft) Preparing spawn area: 0%
[20:55:31] [Render thread/INFO] (Minecraft) Preparing spawn area: 1%
[20:55:31] [Render thread/INFO] (Minecraft) Preparing spawn area: 2%
[20:55:32] [Render thread/INFO] (Minecraft) Preparing spawn area: 3%
[20:55:32] [Render thread/INFO] (Minecraft) Preparing spawn area: 5%
[20:55:33] [Render thread/INFO] (Minecraft) Preparing spawn area: 6%
[20:55:33] [Render thread/INFO] (Minecraft) Preparing spawn area: 9%
[20:55:34] [Render thread/INFO] (Minecraft) Preparing spawn area: 11%
[20:55:34] [Render thread/INFO] (Minecraft) Preparing spawn area: 13%
[20:55:35] [Render thread/INFO] (Minecraft) Preparing spawn area: 15%
[20:55:35] [Render thread/INFO] (Minecraft) Preparing spawn area: 16%
[20:55:36] [Render thread/INFO] (Minecraft) Preparing spawn area: 19%
[20:55:36] [Render thread/INFO] (Minecraft) Preparing spawn area: 21%
[20:55:37] [Render thread/INFO] (Minecraft) Preparing spawn area: 24%
[20:55:37] [Render thread/INFO] (Minecraft) Preparing spawn area: 25%
[20:55:38] [Render thread/INFO] (Minecraft) Preparing spawn area: 27%
[20:55:38] [Render thread/INFO] (Minecraft) Preparing spawn area: 30%
[20:55:39] [Render thread/INFO] (Minecraft) Preparing spawn area: 33%
[20:55:39] [Render thread/INFO] (Minecraft) Preparing spawn area: 34%
[20:55:40] [Render thread/INFO] (Minecraft) Preparing spawn area: 37%
[20:55:40] [Render thread/INFO] (Minecraft) Preparing spawn area: 39%
[20:55:41] [Render thread/INFO] (Minecraft) Preparing spawn area: 43%
[20:55:41] [Render thread/INFO] (Minecraft) Preparing spawn area: 44%
[20:55:42] [Render thread/INFO] (Minecraft) Preparing spawn area: 47%
[20:55:42] [Render thread/INFO] (Minecraft) Preparing spawn area: 49%
[20:55:43] [Render thread/INFO] (Minecraft) Preparing spawn area: 50%
[20:55:43] [Render thread/INFO] (Minecraft) Preparing spawn area: 55%
[20:55:44] [Render thread/INFO] (Minecraft) Preparing spawn area: 56%
[20:55:44] [Render thread/INFO] (Minecraft) Preparing spawn area: 58%
[20:55:45] [Render thread/INFO] (Minecraft) Preparing spawn area: 61%
[20:55:45] [Render thread/INFO] (Minecraft) Preparing spawn area: 65%
[20:55:46] [Render thread/INFO] (Minecraft) Preparing spawn area: 68%
[20:55:46] [Render thread/INFO] (Minecraft) Preparing spawn area: 70%
[20:55:47] [Render thread/INFO] (Minecraft) Preparing spawn area: 72%
[20:55:47] [Render thread/INFO] (Minecraft) Preparing spawn area: 72%
[20:55:48] [Render thread/INFO] (Minecraft) Preparing spawn area: 73%
[20:55:48] [Render thread/INFO] (Minecraft) Preparing spawn area: 74%
[20:55:49] [Render thread/INFO] (Minecraft) Preparing spawn area: 79%
[20:55:49] [Render thread/INFO] (Minecraft) Preparing spawn area: 85%
[20:55:50] [Render thread/INFO] (Minecraft) Preparing spawn area: 86%
[20:55:50] [Render thread/INFO] (Minecraft) Preparing spawn area: 91%
[20:55:51] [Render thread/INFO] (Minecraft) Preparing spawn area: 94%
[20:55:51] [Render thread/INFO] (Minecraft) Preparing spawn area: 97%
[20:55:52] [Render thread/INFO] (Minecraft) Time elapsed: 22778 ms
[20:55:52] [Server thread/INFO] (Minecraft) Changing view distance to 12, from 10
[20:55:52] [Server thread/INFO] (Minecraft) Changing simulation distance to 12, from 0
[20:55:52] [Server thread/INFO] (Minecraft) Player925[local:E:a7f722c1] logged in with entity id 260 at (-0.5, 71.0, -3.5)
[20:55:52] [Server thread/INFO] (Minecraft) Player925 joined the game
[20:55:53] [Render thread/INFO] (Minecraft) Loaded 0 advancements
[20:56:09] [Server thread/INFO] (Minecraft) Saving and pausing game...
[20:56:09] [Server thread/INFO] (Minecraft) Saving chunks for level 'ServerLevel[New World]'/minecraft:overworld
[20:56:09] [Server thread/INFO] (Minecraft) Saving chunks for level 'ServerLevel[New World]'/minecraft:the_nether
[20:56:09] [Server thread/INFO] (Minecraft) Saving chunks for level 'ServerLevel[New World]'/minecraft:the_end
[20:56:51] [Server thread/INFO] (Minecraft) Player925 lost connection: Disconnected
[20:56:51] [Server thread/INFO] (Minecraft) Player925 left the game
[20:56:51] [Server thread/INFO] (Minecraft) Stopping singleplayer server as player logged out
[20:56:51] [Server thread/INFO] (Minecraft) Stopping server
[20:56:51] [Server thread/INFO] (Minecraft) Saving players
[20:56:51] [Server thread/INFO] (Minecraft) Saving worlds
[20:56:51] [Server thread/INFO] (Minecraft) Saving chunks for level 'ServerLevel[New World]'/minecraft:overworld
[20:56:52] [Server thread/INFO] (Minecraft) Saving chunks for level 'ServerLevel[New World]'/minecraft:the_nether
[20:56:52] [Server thread/INFO] (Minecraft) Saving chunks for level 'ServerLevel[New World]'/minecraft:the_end
[20:56:52] [Server thread/INFO] (Minecraft) ThreadedAnvilChunkStorage (New World): All chunks are saved
[20:56:52] [Server thread/INFO] (Minecraft) ThreadedAnvilChunkStorage (DIM-1): All chunks are saved
[20:56:52] [Server thread/INFO] (Minecraft) ThreadedAnvilChunkStorage (DIM1): All chunks are saved
[20:56:52] [Server thread/INFO] (Minecraft) ThreadedAnvilChunkStorage: All dimensions are saved
[20:56:52] [Render thread/INFO] (strangemachine) This line is printed by an example mod mixin!
[20:56:54] [Render thread/INFO] (Minecraft) Stopping!
